  Parser.cpp
d:\programy\tkom\tkom\data\cond.h(42): warning C4018: '<': signed/unsigned mismatch
d:\programy\tkom\tkom\data\cond.h(45): warning C4018: '<': signed/unsigned mismatch
  Optymalizator.cpp
d:\programy\tkom\tkom\data\cond.h(42): warning C4018: '<': signed/unsigned mismatch
d:\programy\tkom\tkom\data\cond.h(45): warning C4018: '<': signed/unsigned mismatch
d:\programy\tkom\tkom\optymalizator.h(4): warning C4067: unexpected tokens following preprocessor directive - expected a newline
d:\programy\tkom\tkom\optymalizator.cpp(19): warning C4018: '<': signed/unsigned mismatch
d:\programy\tkom\tkom\optymalizator.cpp(77): warning C4018: '<': signed/unsigned mismatch
d:\programy\tkom\tkom\optymalizator.cpp(169): warning C4018: '<': signed/unsigned mismatch
d:\programy\tkom\tkom\optymalizator.cpp(258): warning C4018: '<': signed/unsigned mismatch
d:\programy\tkom\tkom\optymalizator.cpp(283): warning C4018: '<': signed/unsigned mismatch
d:\programy\tkom\tkom\optymalizator.cpp(323): warning C4018: '<': signed/unsigned mismatch
d:\programy\tkom\tkom\optymalizator.cpp(397): warning C4018: '<': signed/unsigned mismatch
  Lexer.cpp
  Generating Code...
d:\programy\tkom\tkom\lexer.cpp(16): warning C4172: returning address of local variable or temporary
d:\programy\tkom\tkom\parser.cpp(154): warning C4715: 'Parser::parseType': not all control paths return a value
d:\programy\tkom\tkom\parser.cpp(191): warning C4715: 'Parser::parseIdentifier': not all control paths return a value
  TKOM.vcxproj -> D:\Programy\TKOM\Debug\TKOM.exe
  TKOM.vcxproj -> D:\Programy\TKOM\Debug\TKOM.pdb (Full PDB)
